Using pre-set license
Built from '2020.3/staging' branch; Version is '2020.3.3f1 (76626098c1c4) revision 7758432'; Using compiler version '192528614'; Build Type 'Release'
OS: 'Windows 10 Pro; OS build 18362.1256; Version 1903; 64bit' Language: 'ru' Physical Memory: 16314 MB
BatchMode: 1, IsHumanControllingUs: 0, StartBugReporterOnCrash: 0, Is64bit: 1, IsPro: 0

 COMMAND LINE ARGUMENTS:
C:\Program Files\Unity\Hub\Editor\2020.3.3f1\Editor\Unity.exe
-adb2
-batchMode
-noUpm
-name
AssetImportWorker0
-projectPath
C:/geekbrains.ru/Projects/Unity/touch
-logFile
Logs/AssetImportWorker0.log
-srvPort
55721
Successfully changed project path to: C:/geekbrains.ru/Projects/Unity/touch
C:/geekbrains.ru/Projects/Unity/touch
Using Asset Import Pipeline V2.
Refreshing native plugins compatible for Editor in 33.86 ms, found 0 plugins.
Preloading 0 native plugins for Editor in 0.00 ms.
Initialize engine version: 2020.3.3f1 (76626098c1c4)
[Subsystems] Discovering subsystems at path C:/Program Files/Unity/Hub/Editor/2020.3.3f1/Editor/Data/Resources/UnitySubsystems
[Subsystems] Discovering subsystems at path C:/geekbrains.ru/Projects/Unity/touch/Assets
GfxDevice: creating device client; threaded=0
Direct3D:
    Version:  Direct3D 11.0 [level 11.1]
    Renderer: NVIDIA GeForce GTX 950 (ID=0x1402)
    Vendor:   
    VRAM:     2007 MB
    Driver:   26.21.14.3200
Initialize mono
Mono path[0] = 'C:/Program Files/Unity/Hub/Editor/2020.3.3f1/Editor/Data/Managed'
Mono path[1] = 'C:/Program Files/Unity/Hub/Editor/2020.3.3f1/Editor/Data/MonoBleedingEdge/lib/mono/unityjit'
Mono config path = 'C:/Program Files/Unity/Hub/Editor/2020.3.3f1/Editor/Data/MonoBleedingEdge/etc'
Using monoOptions --debugger-agent=transport=dt_socket,embedding=1,server=y,suspend=n,address=127.0.0.1:56736
Begin MonoManager ReloadAssembly
Registering precompiled unity dll's ...
Register platform support module: C:/Program Files/Unity/Hub/Editor/2020.3.3f1/Editor/Data/PlaybackEngines/WindowsStandaloneSupport/UnityEditor.WindowsStandalone.Extensions.dll
Registered in 0.002207 seconds.
Native extension for WindowsStandalone target not found
Refreshing native plugins compatible for Editor in 35.69 ms, found 0 plugins.
Preloading 0 native plugins for Editor in 0.00 ms.
Invoked RoslynAnalysisRunner static constructor.
RoslynAnalysisRunner will not be running.
RoslynAnalysisRunner has terminated.
Mono: successfully reloaded assembly
- Completed reload, in  2.736 seconds
Platform modules already initialized, skipping
Registering precompiled user dll's ...
Registered in 0.000738 seconds.
Begin MonoManager ReloadAssembly
Native extension for WindowsStandalone target not found
Refreshing native plugins compatible for Editor in 0.40 ms, found 0 plugins.
Preloading 0 native plugins for Editor in 0.00 ms.
Invoked RoslynAnalysisRunner static constructor.
RoslynAnalysisRunner will not be running.
RoslynAnalysisRunner has terminated.
Mono: successfully reloaded assembly
- Completed reload, in  0.997 seconds
Platform modules already initialized, skipping
========================================================================
Worker process is ready to serve import requests
Launched and connected shader compiler UnityShaderCompiler.exe after 0.05 seconds
Refreshing native plugins compatible for Editor in 0.21 ms, found 0 plugins.
Preloading 0 native plugins for Editor in 0.00 ms.
Unloading 1164 Unused Serialized files (Serialized files now loaded: 0)
System memory in use before: 59.8 MB.
System memory in use after: 59.9 MB.

Unloading 10 unused Assets to reduce memory usage. Loaded Objects now: 1616.
Total: 1.905400 ms (FindLiveObjects: 0.123400 ms CreateObjectMapping: 0.036000 ms MarkObjects: 1.666800 ms  DeleteObjects: 0.078300 ms)

========================================================================
Received Import Request.
  path: Assets/03LaserDot/My_Controller.cs
  artifactKey: Guid(b939005641891d4489c8d466ccac3fe0) Importer(815301076,1909f56bfc062723c751e8b465ee728b)
Start importing Assets/03LaserDot/My_Controller.cs using Guid(b939005641891d4489c8d466ccac3fe0) Importer(815301076,1909f56bfc062723c751e8b465ee728b)  -> (artifact id: 'dfe266314c270a1da28863364fc76f96') in 0.025883 seconds
  Import took 0.028702 seconds .

========================================================================
Received Prepare
Registering precompiled user dll's ...
Registered in 0.001351 seconds.
Begin MonoManager ReloadAssembly
Native extension for WindowsStandalone target not found
Refreshing native plugins compatible for Editor in 0.20 ms, found 0 plugins.
Preloading 0 native plugins for Editor in 0.00 ms.
Invoked RoslynAnalysisRunner static constructor.
RoslynAnalysisRunner will not be running.
RoslynAnalysisRunner has terminated.
Mono: successfully reloaded assembly
- Completed reload, in  0.885 seconds
Platform modules already initialized, skipping
Switching build target platform(5) subTarget(0) extendedPlatform(0) -> platform(13) subTarget(537395200) extendedPlatform(0)
Refreshing native plugins compatible for Editor in 0.26 ms, found 0 plugins.
Preloading 0 native plugins for Editor in 0.00 ms.
Unloading 1162 Unused Serialized files (Serialized files now loaded: 0)
System memory in use before: 59.7 MB.
System memory in use after: 59.8 MB.

Unloading 5 unused Assets to reduce memory usage. Loaded Objects now: 1619.
Total: 1.723900 ms (FindLiveObjects: 0.131800 ms CreateObjectMapping: 0.029300 ms MarkObjects: 1.458500 ms  DeleteObjects: 0.103600 ms)

AssetImportParameters requested are different than current active one (requested -> active):
  custom:graphics/normal-map-encoding: 01000000000000000000000000000000 -> 02000000000000000000000000000000
========================================================================
Received Import Request.
  Time since last request: 1824.636338 seconds.
  path: Assets/03LaserDot/My_Controller.cs
  artifactKey: Guid(b939005641891d4489c8d466ccac3fe0) Importer(815301076,1909f56bfc062723c751e8b465ee728b)
Start importing Assets/03LaserDot/My_Controller.cs using Guid(b939005641891d4489c8d466ccac3fe0) Importer(815301076,1909f56bfc062723c751e8b465ee728b)  -> (artifact id: '3c8e8af4b36b60a132f92f4c0dd73283') in 0.004335 seconds
  Import took 0.006946 seconds .

AssetImportWorkerClient::OnTransportError - code=2 error=End of file
